<?xml version="1.0" encoding="UTF-8"?>
<testsuite xmlns:xsi="http://www.w3.org/2001/XMLSchema-instance" xsi:noNamespaceSchemaLocation="https://maven.apache.org/surefire/maven-surefire-plugin/xsd/surefire-test-report-3.0.xsd" version="3.0" name="br.com.dbccompany.ProvaSicredi.test.Desafio1Test" time="29.542" tests="1" errors="0" skipped="0" failures="0">
  <properties>
[...]
</properties>
  <testcase name="addCustomerTest[0 - selectVersion=Bootstrap V4 Theme,name=Teste Sicredi,lastName=Teste,contactFirstName=Tatiane,phone=51 9999-9999,addressLine1=Av Assis Brasil 3970,addressLine2=Torre D,city=Porto Alegre,state=RS,postalCode=91000-000,country=Brasil,fromEmployeer=Fixter,creditLimit=200,message=Your data has been successfully stored into the database.]" classname="br.com.dbccompany.ProvaSicredi.test.Desafio1Test" time="29.425"/>
</testsuite>